<?xml version="1.0" encoding="UTF-8"?>
<!-- Generated by org.testng.reporters.JUnitReportReporter -->
<testsuite hostname="sabbir-asus" failures="0" tests="1" name="testcases.Ecommerce" time="29.861" errors="0" timestamp="2022-01-22T23:28:20 BDT" skipped="0">
  <testcase classname="testcases.Ecommerce" name="mySecondTest" time="29.861"/>
  <system-out/>
</testsuite> <!-- testcases.Ecommerce -->
